<?xml version="1.0" encoding="UTF-8"?>
<!-- Generated by org.testng.reporters.JUnitXMLReporter -->
<testsuite ignored="2" hostname="RanjithumarsMBP.lan" failures="0" tests="10" name="Test" time="59.399" errors="0" timestamp="2025-02-26T10:26:36 EST">
  <testcase classname="tests.LoginTest" name="loginErrorMsg_TC01" time="2.938"/>
  <testcase classname="tests.UserMenuTest" name="userMenuDropdown_TC05" time="5.06"/>
  <testcase classname="tests.UserMenuTest" name="UserProfile_TC06" time="6.509"/>
  <testcase classname="tests.LoginTest" name="login_TC02" time="4.052"/>
  <testcase classname="tests.UserMenuTest" name="loginErrorMsg_TC07" time="0.003"/>
  <testcase classname="tests.LoginTest" name="loginErrorMsg_TC03" time="7.343"/>
  <testcase classname="tests.LoginTest" name="forgetPassWord_TC04A" time="1.84"/>
  <testcase classname="tests.LoginTest" name="forgotPassWord_TC04B" time="2.275"/>
  <testcase classname="tests.UserMenuTest" name="DevelopersConsole_TC08" time="15.076"/>
  <testcase classname="tests.UserMenuTest" name="loginPageCheck_TC09" time="7.392"/>
  <testcase classname="tests.BaseTest" name="@BeforeSuite setup" time="0.0">
    <ignored/>
  </testcase> <!-- @BeforeSuite setup -->
  <testcase classname="tests.BaseTest" name="@AfterSuite tearDown" time="0.0">
    <ignored/>
  </testcase> <!-- @AfterSuite tearDown -->
</testsuite> <!-- Test -->
