<?xml version="1.0" encoding="UTF-8"?>
<testng-results ignored="0" total="10" passed="10" failed="0" skipped="0">
  <reporter-output>
  </reporter-output>
  <suite started-at="2025-02-26T10:25:37 EST" name="ParallelTesting" finished-at="2025-02-26T10:26:36 EST" duration-ms="59399">
    <groups>
    </groups>
    <test started-at="2025-02-26T10:25:37 EST" name="Test" finished-at="2025-02-26T10:26:36 EST" duration-ms="59399">
      <class name="tests.LoginTest">
        <test-method is-config="true" signature="setup()[pri:0, instance:tests.LoginTest@15de0b3c]" started-at="2025-02-26T10:25:36 EST" name="setup" finished-at="2025-02-26T10:25:37 EST" duration-ms="364" status="PASS">
          <reporter-output>
          </reporter-output>
        </test-method> <!-- setup -->
        <test-method is-config="true" signature="setupBrowser(java.lang.reflect.Method)[pri:0, instance:tests.LoginTest@15de0b3c]" started-at="2025-02-26T10:25:37 EST" name="setupBrowser" finished-at="2025-02-26T10:25:44 EST" duration-ms="6904" status="PASS">
          <params>
            <param index="0">
              <value>
                <![CDATA[public void tests.LoginTest.loginErrorMsg_TC01() throws java.io.FileNotFoundException,java.io.IOException]]>
              </value>
            </param>
          </params>
          <reporter-output>
          </reporter-output>
        </test-method> <!-- setupBrowser -->
        <test-method signature="loginErrorMsg_TC01()[pri:1, instance:tests.LoginTest@15de0b3c]" started-at="2025-02-26T10:25:44 EST" name="loginErrorMsg_TC01" finished-at="2025-02-26T10:25:47 EST" duration-ms="2938" status="PASS">
          <reporter-output>
          </reporter-output>
        </test-method> <!-- loginErrorMsg_TC01 -->
        <test-method is-config="true" signature="closeBrowser()[pri:0, instance:tests.LoginTest@15de0b3c]" started-at="2025-02-26T10:25:47 EST" name="closeBrowser" finished-at="2025-02-26T10:25:47 EST" duration-ms="300" status="PASS">
          <reporter-output>
          </reporter-output>
        </test-method> <!-- closeBrowser -->
        <test-method is-config="true" signature="setupBrowser(java.lang.reflect.Method)[pri:0, instance:tests.LoginTest@15de0b3c]" started-at="2025-02-26T10:25:49 EST" name="setupBrowser" finished-at="2025-02-26T10:25:56 EST" duration-ms="6414" status="PASS">
          <params>
            <param index="0">
              <value>
                <![CDATA[public void tests.LoginTest.login_TC02() throws java.io.FileNotFoundException,java.io.IOException]]>
              </value>
            </param>
          </params>
          <reporter-output>
          </reporter-output>
        </test-method> <!-- setupBrowser -->
        <test-method signature="login_TC02()[pri:2, instance:tests.LoginTest@15de0b3c]" started-at="2025-02-26T10:25:56 EST" name="login_TC02" finished-at="2025-02-26T10:26:00 EST" duration-ms="4052" status="PASS">
          <reporter-output>
          </reporter-output>
        </test-method> <!-- login_TC02 -->
        <test-method is-config="true" signature="setupBrowser(java.lang.reflect.Method)[pri:0, instance:tests.LoginTest@15de0b3c]" started-at="2025-02-26T10:25:59 EST" name="setupBrowser" finished-at="2025-02-26T10:26:03 EST" duration-ms="4357" status="PASS">
          <params>
            <param index="0">
              <value>
                <![CDATA[public void tests.LoginTest.loginErrorMsg_TC03() throws java.io.FileNotFoundException,java.io.IOException]]>
              </value>
            </param>
          </params>
          <reporter-output>
          </reporter-output>
        </test-method> <!-- setupBrowser -->
        <test-method is-config="true" signature="closeBrowser()[pri:0, instance:tests.LoginTest@15de0b3c]" started-at="2025-02-26T10:26:00 EST" name="closeBrowser" finished-at="2025-02-26T10:26:00 EST" duration-ms="474" status="PASS">
          <reporter-output>
          </reporter-output>
        </test-method> <!-- closeBrowser -->
        <test-method signature="loginErrorMsg_TC03()[pri:3, instance:tests.LoginTest@15de0b3c]" started-at="2025-02-26T10:26:03 EST" name="loginErrorMsg_TC03" finished-at="2025-02-26T10:26:11 EST" duration-ms="7343" status="PASS">
          <reporter-output>
          </reporter-output>
        </test-method> <!-- loginErrorMsg_TC03 -->
        <test-method is-config="true" signature="closeBrowser()[pri:0, instance:tests.LoginTest@15de0b3c]" started-at="2025-02-26T10:26:11 EST" name="closeBrowser" finished-at="2025-02-26T10:26:11 EST" duration-ms="571" status="PASS">
          <reporter-output>
          </reporter-output>
        </test-method> <!-- closeBrowser -->
        <test-method is-config="true" signature="setupBrowser(java.lang.reflect.Method)[pri:0, instance:tests.LoginTest@15de0b3c]" started-at="2025-02-26T10:26:11 EST" name="setupBrowser" finished-at="2025-02-26T10:26:17 EST" duration-ms="5613" status="PASS">
          <params>
            <param index="0">
              <value>
                <![CDATA[public void tests.LoginTest.forgetPassWord_TC04A() throws java.lang.InterruptedException,java.io.FileNotFoundException,java.io.IOException]]>
              </value>
            </param>
          </params>
          <reporter-output>
          </reporter-output>
        </test-method> <!-- setupBrowser -->
        <test-method signature="forgetPassWord_TC04A()[pri:4, instance:tests.LoginTest@15de0b3c]" started-at="2025-02-26T10:26:17 EST" name="forgetPassWord_TC04A" finished-at="2025-02-26T10:26:19 EST" duration-ms="1840" status="PASS">
          <reporter-output>
          </reporter-output>
        </test-method> <!-- forgetPassWord_TC04A -->
        <test-method is-config="true" signature="closeBrowser()[pri:0, instance:tests.LoginTest@15de0b3c]" started-at="2025-02-26T10:26:19 EST" name="closeBrowser" finished-at="2025-02-26T10:26:19 EST" duration-ms="190" status="PASS">
          <reporter-output>
          </reporter-output>
        </test-method> <!-- closeBrowser -->
        <test-method is-config="true" signature="setupBrowser(java.lang.reflect.Method)[pri:0, instance:tests.LoginTest@15de0b3c]" started-at="2025-02-26T10:26:19 EST" name="setupBrowser" finished-at="2025-02-26T10:26:23 EST" duration-ms="3772" status="PASS">
          <params>
            <param index="0">
              <value>
                <![CDATA[public void tests.LoginTest.forgotPassWord_TC04B() throws java.io.FileNotFoundException,java.io.IOException]]>
              </value>
            </param>
          </params>
          <reporter-output>
          </reporter-output>
        </test-method> <!-- setupBrowser -->
        <test-method signature="forgotPassWord_TC04B()[pri:5, instance:tests.LoginTest@15de0b3c]" started-at="2025-02-26T10:26:23 EST" name="forgotPassWord_TC04B" finished-at="2025-02-26T10:26:25 EST" duration-ms="2275" status="PASS">
          <reporter-output>
          </reporter-output>
        </test-method> <!-- forgotPassWord_TC04B -->
        <test-method is-config="true" signature="closeBrowser()[pri:0, instance:tests.LoginTest@15de0b3c]" started-at="2025-02-26T10:26:25 EST" name="closeBrowser" finished-at="2025-02-26T10:26:25 EST" duration-ms="246" status="PASS">
          <reporter-output>
          </reporter-output>
        </test-method> <!-- closeBrowser -->
        <test-method is-config="true" signature="tearDown()[pri:0, instance:tests.LoginTest@15de0b3c]" started-at="2025-02-26T10:26:36 EST" name="tearDown" finished-at="2025-02-26T10:26:37 EST" duration-ms="310" status="PASS">
          <reporter-output>
          </reporter-output>
        </test-method> <!-- tearDown -->
      </class> <!-- tests.LoginTest -->
      <class name="tests.UserMenuTest">
        <test-method is-config="true" signature="setupBrowser(java.lang.reflect.Method)[pri:0, instance:tests.UserMenuTest@3bf7ca37]" started-at="2025-02-26T10:25:37 EST" name="setupBrowser" finished-at="2025-02-26T10:25:44 EST" duration-ms="6904" status="PASS">
          <params>
            <param index="0">
              <value>
                <![CDATA[public void tests.UserMenuTest.userMenuDropdown_TC05() throws java.io.FileNotFoundException,java.io.IOException]]>
              </value>
            </param>
          </params>
          <reporter-output>
          </reporter-output>
        </test-method> <!-- setupBrowser -->
        <test-method signature="userMenuDropdown_TC05()[pri:1, instance:tests.UserMenuTest@3bf7ca37]" started-at="2025-02-26T10:25:44 EST" name="userMenuDropdown_TC05" finished-at="2025-02-26T10:25:49 EST" duration-ms="5060" status="PASS">
          <reporter-output>
          </reporter-output>
        </test-method> <!-- userMenuDropdown_TC05 -->
        <test-method is-config="true" signature="setupBrowser(java.lang.reflect.Method)[pri:0, instance:tests.UserMenuTest@3bf7ca37]" started-at="2025-02-26T10:25:47 EST" name="setupBrowser" finished-at="2025-02-26T10:25:51 EST" duration-ms="4382" status="PASS">
          <params>
            <param index="0">
              <value>
                <![CDATA[public void tests.UserMenuTest.UserProfile_TC06() throws java.io.FileNotFoundException,java.io.IOException]]>
              </value>
            </param>
          </params>
          <reporter-output>
          </reporter-output>
        </test-method> <!-- setupBrowser -->
        <test-method is-config="true" signature="closeBrowser()[pri:0, instance:tests.UserMenuTest@3bf7ca37]" started-at="2025-02-26T10:25:49 EST" name="closeBrowser" finished-at="2025-02-26T10:25:49 EST" duration-ms="273" status="PASS">
          <reporter-output>
          </reporter-output>
        </test-method> <!-- closeBrowser -->
        <test-method signature="UserProfile_TC06()[pri:2, instance:tests.UserMenuTest@3bf7ca37]" started-at="2025-02-26T10:25:51 EST" name="UserProfile_TC06" finished-at="2025-02-26T10:25:58 EST" duration-ms="6509" status="PASS">
          <reporter-output>
          </reporter-output>
        </test-method> <!-- UserProfile_TC06 -->
        <test-method is-config="true" signature="closeBrowser()[pri:0, instance:tests.UserMenuTest@3bf7ca37]" started-at="2025-02-26T10:25:58 EST" name="closeBrowser" finished-at="2025-02-26T10:25:59 EST" duration-ms="949" status="PASS">
          <reporter-output>
          </reporter-output>
        </test-method> <!-- closeBrowser -->
        <test-method is-config="true" signature="setupBrowser(java.lang.reflect.Method)[pri:0, instance:tests.UserMenuTest@3bf7ca37]" started-at="2025-02-26T10:26:00 EST" name="setupBrowser" finished-at="2025-02-26T10:26:05 EST" duration-ms="4491" status="PASS">
          <params>
            <param index="0">
              <value>
                <![CDATA[public void tests.UserMenuTest.loginErrorMsg_TC07()]]>
              </value>
            </param>
          </params>
          <reporter-output>
          </reporter-output>
        </test-method> <!-- setupBrowser -->
        <test-method signature="loginErrorMsg_TC07()[pri:3, instance:tests.UserMenuTest@3bf7ca37]" started-at="2025-02-26T10:26:05 EST" name="loginErrorMsg_TC07" finished-at="2025-02-26T10:26:05 EST" duration-ms="3" status="PASS">
          <reporter-output>
          </reporter-output>
        </test-method> <!-- loginErrorMsg_TC07 -->
        <test-method is-config="true" signature="closeBrowser()[pri:0, instance:tests.UserMenuTest@3bf7ca37]" started-at="2025-02-26T10:26:05 EST" name="closeBrowser" finished-at="2025-02-26T10:26:05 EST" duration-ms="922" status="PASS">
          <reporter-output>
          </reporter-output>
        </test-method> <!-- closeBrowser -->
        <test-method is-config="true" signature="setupBrowser(java.lang.reflect.Method)[pri:0, instance:tests.UserMenuTest@3bf7ca37]" started-at="2025-02-26T10:26:05 EST" name="setupBrowser" finished-at="2025-02-26T10:26:10 EST" duration-ms="4859" status="PASS">
          <params>
            <param index="0">
              <value>
                <![CDATA[public void tests.UserMenuTest.DevelopersConsole_TC08() throws java.lang.InterruptedException,java.io.FileNotFoundException,java.io.IOException]]>
              </value>
            </param>
          </params>
          <reporter-output>
          </reporter-output>
        </test-method> <!-- setupBrowser -->
        <test-method signature="DevelopersConsole_TC08()[pri:4, instance:tests.UserMenuTest@3bf7ca37]" started-at="2025-02-26T10:26:10 EST" name="DevelopersConsole_TC08" finished-at="2025-02-26T10:26:25 EST" duration-ms="15076" status="PASS">
          <reporter-output>
          </reporter-output>
        </test-method> <!-- DevelopersConsole_TC08 -->
        <test-method is-config="true" signature="setupBrowser(java.lang.reflect.Method)[pri:0, instance:tests.UserMenuTest@3bf7ca37]" started-at="2025-02-26T10:26:25 EST" name="setupBrowser" finished-at="2025-02-26T10:26:29 EST" duration-ms="3745" status="PASS">
          <params>
            <param index="0">
              <value>
                <![CDATA[public void tests.UserMenuTest.loginPageCheck_TC09() throws java.lang.InterruptedException,java.io.FileNotFoundException,java.io.IOException]]>
              </value>
            </param>
          </params>
          <reporter-output>
          </reporter-output>
        </test-method> <!-- setupBrowser -->
        <test-method is-config="true" signature="closeBrowser()[pri:0, instance:tests.UserMenuTest@3bf7ca37]" started-at="2025-02-26T10:26:25 EST" name="closeBrowser" finished-at="2025-02-26T10:26:26 EST" duration-ms="266" status="PASS">
          <reporter-output>
          </reporter-output>
        </test-method> <!-- closeBrowser -->
        <test-method signature="loginPageCheck_TC09()[pri:5, instance:tests.UserMenuTest@3bf7ca37]" started-at="2025-02-26T10:26:29 EST" name="loginPageCheck_TC09" finished-at="2025-02-26T10:26:36 EST" duration-ms="7392" status="PASS">
          <reporter-output>
          </reporter-output>
        </test-method> <!-- loginPageCheck_TC09 -->
        <test-method is-config="true" signature="closeBrowser()[pri:0, instance:tests.UserMenuTest@3bf7ca37]" started-at="2025-02-26T10:26:36 EST" name="closeBrowser" finished-at="2025-02-26T10:26:36 EST" duration-ms="1" status="PASS">
          <reporter-output>
          </reporter-output>
        </test-method> <!-- closeBrowser -->
      </class> <!-- tests.UserMenuTest -->
    </test> <!-- Test -->
  </suite> <!-- ParallelTesting -->
</testng-results>
